Base path: 'C:/Program Files/Unity/Hub/Editor/2019.4.4f1/Editor/Data', plugins path 'C:/Program Files/Unity/Hub/Editor/2019.4.4f1/Editor/Data/PlaybackEngines'
Cmd: initializeCompiler
Cmd: compileSnippet
  api=4 type=0 insize=5222 outsize=942 kw=DISABLE_TEXTURE2D_X_ARRAY pd=UNITY_ENABLE_REFLECTION_BUFFERS UNITY_USE_DITHER_MASK_FOR_ALPHABLENDED_SHADOWS UNITY_PBS_USE_BRDF1 UNITY_SPECCUBE_BOX_PROJECTION UNITY_SPECCUBE_BLENDING UNITY_ENABLE_DETAIL_NORMALMAP SHADER_API_DESKTOP UNITY_LIGHT_PROBE_PROXY_VOLUME UNITY_LIGHTMAP_FULL_HDR ok=1
Cmd: compileSnippet
  api=4 type=1 insize=5222 outsize=338 kw=DISABLE_TEXTURE2D_X_ARRAY pd=UNITY_ENABLE_REFLECTION_BUFFERS UNITY_USE_DITHER_MASK_FOR_ALPHABLENDED_SHADOWS UNITY_PBS_USE_BRDF1 UNITY_SPECCUBE_BOX_PROJECTION UNITY_SPECCUBE_BLENDING UNITY_ENABLE_DETAIL_NORMALMAP SHADER_API_DESKTOP UNITY_LIGHT_PROBE_PROXY_VOLUME UNITY_LIGHTMAP_FULL_HDR ok=1
Cmd: compileSnippet
  api=4 type=0 insize=12757 outsize=402 kw=SHADOW_MEDIUM USE_FPTL_LIGHTLIST pd=UNITY_ENABLE_REFLECTION_BUFFERS UNITY_USE_DITHER_MASK_FOR_ALPHABLENDED_SHADOWS UNITY_PBS_USE_BRDF1 UNITY_SPECCUBE_BOX_PROJECTION UNITY_SPECCUBE_BLENDING UNITY_ENABLE_DETAIL_NORMALMAP SHADER_API_DESKTOP UNITY_LIGHT_PROBE_PROXY_VOLUME UNITY_LIGHTMAP_FULL_HDR ok=1
Cmd: compileSnippet
  api=4 type=1 insize=12757 outsize=790 kw=SHADOW_MEDIUM USE_FPTL_LIGHTLIST pd=UNITY_ENABLE_REFLECTION_BUFFERS UNITY_USE_DITHER_MASK_FOR_ALPHABLENDED_SHADOWS UNITY_PBS_USE_BRDF1 UNITY_SPECCUBE_BOX_PROJECTION UNITY_SPECCUBE_BLENDING UNITY_ENABLE_DETAIL_NORMALMAP SHADER_API_DESKTOP UNITY_LIGHT_PROBE_PROXY_VOLUME UNITY_LIGHTMAP_FULL_HDR ok=1
Cmd: compileSnippet
  api=4 type=0 insize=12757 outsize=402 kw=SHADOW_MEDIUM USE_FPTL_LIGHTLIST pd=UNITY_ENABLE_REFLECTION_BUFFERS UNITY_USE_DITHER_MASK_FOR_ALPHABLENDED_SHADOWS UNITY_PBS_USE_BRDF1 UNITY_SPECCUBE_BOX_PROJECTION UNITY_SPECCUBE_BLENDING UNITY_ENABLE_DETAIL_NORMALMAP SHADER_API_DESKTOP UNITY_LIGHT_PROBE_PROXY_VOLUME UNITY_LIGHTMAP_FULL_HDR ok=1
Cmd: compileSnippet
  api=4 type=1 insize=12757 outsize=914 kw=SHADOW_MEDIUM USE_FPTL_LIGHTLIST pd=UNITY_ENABLE_REFLECTION_BUFFERS UNITY_USE_DITHER_MASK_FOR_ALPHABLENDED_SHADOWS UNITY_PBS_USE_BRDF1 UNITY_SPECCUBE_BOX_PROJECTION UNITY_SPECCUBE_BLENDING UNITY_ENABLE_DETAIL_NORMALMAP SHADER_API_DESKTOP UNITY_LIGHT_PROBE_PROXY_VOLUME UNITY_LIGHTMAP_FULL_HDR ok=1
Cmd: compileSnippet
  api=4 type=0 insize=2834 outsize=530 kw=CHECKERBOARD_DOWNSAMPLE pd=UNITY_ENABLE_REFLECTION_BUFFERS UNITY_USE_DITHER_MASK_FOR_ALPHABLENDED_SHADOWS UNITY_PBS_USE_BRDF1 UNITY_SPECCUBE_BOX_PROJECTION UNITY_SPECCUBE_BLENDING UNITY_ENABLE_DETAIL_NORMALMAP SHADER_API_DESKTOP UNITY_LIGHT_PROBE_PROXY_VOLUME UNITY_LIGHTMAP_FULL_HDR ok=1
Cmd: compileSnippet
  api=4 type=1 insize=2834 outsize=926 kw=CHECKERBOARD_DOWNSAMPLE pd=UNITY_ENABLE_REFLECTION_BUFFERS UNITY_USE_DITHER_MASK_FOR_ALPHABLENDED_SHADOWS UNITY_PBS_USE_BRDF1 UNITY_SPECCUBE_BOX_PROJECTION UNITY_SPECCUBE_BLENDING UNITY_ENABLE_DETAIL_NORMALMAP SHADER_API_DESKTOP UNITY_LIGHT_PROBE_PROXY_VOLUME UNITY_LIGHTMAP_FULL_HDR ok=1
Cmd: compileSnippet
  api=4 type=0 insize=4286 outsize=502 kw=NEAREST_DEPTH pd=UNITY_ENABLE_REFLECTION_BUFFERS UNITY_USE_DITHER_MASK_FOR_ALPHABLENDED_SHADOWS UNITY_PBS_USE_BRDF1 UNITY_SPECCUBE_BOX_PROJECTION UNITY_SPECCUBE_BLENDING UNITY_ENABLE_DETAIL_NORMALMAP SHADER_API_DESKTOP UNITY_LIGHT_PROBE_PROXY_VOLUME UNITY_LIGHTMAP_FULL_HDR ok=1
Cmd: compileSnippet
  api=4 type=1 insize=4286 outsize=1778 kw=NEAREST_DEPTH pd=UNITY_ENABLE_REFLECTION_BUFFERS UNITY_USE_DITHER_MASK_FOR_ALPHABLENDED_SHADOWS UNITY_PBS_USE_BRDF1 UNITY_SPECCUBE_BOX_PROJECTION UNITY_SPECCUBE_BLENDING UNITY_ENABLE_DETAIL_NORMALMAP SHADER_API_DESKTOP UNITY_LIGHT_PROBE_PROXY_VOLUME UNITY_LIGHTMAP_FULL_HDR ok=1
Cmd: compileSnippet
  api=4 type=0 insize=6767 outsize=502 kw=APPLY_AFTER_POST pd=UNITY_ENABLE_REFLECTION_BUFFERS UNITY_USE_DITHER_MASK_FOR_ALPHABLENDED_SHADOWS UNITY_PBS_USE_BRDF1 UNITY_SPECCUBE_BOX_PROJECTION UNITY_SPECCUBE_BLENDING UNITY_ENABLE_DETAIL_NORMALMAP SHADER_API_DESKTOP UNITY_LIGHT_PROBE_PROXY_VOLUME UNITY_LIGHTMAP_FULL_HDR ok=1
Cmd: compileSnippet
  api=4 type=1 insize=6767 outsize=902 kw=APPLY_AFTER_POST pd=UNITY_ENABLE_REFLECTION_BUFFERS UNITY_USE_DITHER_MASK_FOR_ALPHABLENDED_SHADOWS UNITY_PBS_USE_BRDF1 UNITY_SPECCUBE_BOX_PROJECTION UNITY_SPECCUBE_BLENDING UNITY_ENABLE_DETAIL_NORMALMAP SHADER_API_DESKTOP UNITY_LIGHT_PROBE_PROXY_VOLUME UNITY_LIGHTMAP_FULL_HDR ok=1
Cmd: compileSnippet
  api=4 type=0 insize=12757 outsize=402 kw=SHADOW_MEDIUM USE_CLUSTERED_LIGHTLIST pd=UNITY_ENABLE_REFLECTION_BUFFERS UNITY_USE_DITHER_MASK_FOR_ALPHABLENDED_SHADOWS UNITY_PBS_USE_BRDF1 UNITY_SPECCUBE_BOX_PROJECTION UNITY_SPECCUBE_BLENDING UNITY_ENABLE_DETAIL_NORMALMAP SHADER_API_DESKTOP UNITY_LIGHT_PROBE_PROXY_VOLUME UNITY_LIGHTMAP_FULL_HDR ok=1
Cmd: compileSnippet
  api=4 type=1 insize=12757 outsize=790 kw=SHADOW_MEDIUM USE_CLUSTERED_LIGHTLIST pd=UNITY_ENABLE_REFLECTION_BUFFERS UNITY_USE_DITHER_MASK_FOR_ALPHABLENDED_SHADOWS UNITY_PBS_USE_BRDF1 UNITY_SPECCUBE_BOX_PROJECTION UNITY_SPECCUBE_BLENDING UNITY_ENABLE_DETAIL_NORMALMAP SHADER_API_DESKTOP UNITY_LIGHT_PROBE_PROXY_VOLUME UNITY_LIGHTMAP_FULL_HDR ok=1
Cmd: compileSnippet
  api=4 type=0 insize=9934 outsize=682 kw= pd=UNITY_ENABLE_REFLECTION_BUFFERS UNITY_USE_DITHER_MASK_FOR_ALPHABLENDED_SHADOWS UNITY_PBS_USE_BRDF1 UNITY_SPECCUBE_BOX_PROJECTION UNITY_SPECCUBE_BLENDING UNITY_ENABLE_DETAIL_NORMALMAP SHADER_API_DESKTOP UNITY_LIGHT_PROBE_PROXY_VOLUME UNITY_LIGHTMAP_FULL_HDR ok=1
Cmd: compileSnippet
  api=4 type=1 insize=9934 outsize=13226 kw= pd=UNITY_ENABLE_REFLECTION_BUFFERS UNITY_USE_DITHER_MASK_FOR_ALPHABLENDED_SHADOWS UNITY_PBS_USE_BRDF1 UNITY_SPECCUBE_BOX_PROJECTION UNITY_SPECCUBE_BLENDING UNITY_ENABLE_DETAIL_NORMALMAP SHADER_API_DESKTOP UNITY_LIGHT_PROBE_PROXY_VOLUME UNITY_LIGHTMAP_FULL_HDR ok=1
Cmd: compileSnippet
  api=4 type=0 insize=970 outsize=682 kw= pd=UNITY_ENABLE_REFLECTION_BUFFERS UNITY_USE_DITHER_MASK_FOR_ALPHABLENDED_SHADOWS UNITY_PBS_USE_BRDF1 UNITY_SPECCUBE_BOX_PROJECTION UNITY_SPECCUBE_BLENDING UNITY_ENABLE_DETAIL_NORMALMAP SHADER_API_DESKTOP UNITY_LIGHT_PROBE_PROXY_VOLUME UNITY_LIGHTMAP_FULL_HDR ok=1
Cmd: compileSnippet
  api=4 type=1 insize=970 outsize=326 kw= pd=UNITY_ENABLE_REFLECTION_BUFFERS UNITY_USE_DITHER_MASK_FOR_ALPHABLENDED_SHADOWS UNITY_PBS_USE_BRDF1 UNITY_SPECCUBE_BOX_PROJECTION UNITY_SPECCUBE_BLENDING UNITY_ENABLE_DETAIL_NORMALMAP SHADER_API_DESKTOP UNITY_LIGHT_PROBE_PROXY_VOLUME UNITY_LIGHTMAP_FULL_HDR ok=1
Cmd: compileSnippet
  api=4 type=0 insize=1248 outsize=650 kw= pd=UNITY_ENABLE_REFLECTION_BUFFERS UNITY_USE_DITHER_MASK_FOR_ALPHABLENDED_SHADOWS UNITY_PBS_USE_BRDF1 UNITY_SPECCUBE_BOX_PROJECTION UNITY_SPECCUBE_BLENDING UNITY_ENABLE_DETAIL_NORMALMAP SHADER_API_DESKTOP UNITY_LIGHT_PROBE_PROXY_VOLUME UNITY_LIGHTMAP_FULL_HDR ok=1
Cmd: compileSnippet
  api=4 type=1 insize=1248 outsize=882 kw= pd=UNITY_ENABLE_REFLECTION_BUFFERS UNITY_USE_DITHER_MASK_FOR_ALPHABLENDED_SHADOWS UNITY_PBS_USE_BRDF1 UNITY_SPECCUBE_BOX_PROJECTION UNITY_SPECCUBE_BLENDING UNITY_ENABLE_DETAIL_NORMALMAP SHADER_API_DESKTOP UNITY_LIGHT_PROBE_PROXY_VOLUME UNITY_LIGHTMAP_FULL_HDR ok=1
Cmd: preprocessCompute
  insize=8776 outsize=8778 ok=1
Cmd: compileComputeKernel
  api=4 insize=8778 outsize=2855 ok=1
Cmd: preprocessCompute
  insize=7531 outsize=7533 ok=1
Cmd: compileComputeKernel
  api=4 insize=7533 outsize=1883 ok=1
Cmd: preprocess
  insize=38591 outsize=655 ok=1
Cmd: preprocessCompute
  insize=1909 outsize=1911 ok=1
Cmd: compileComputeKernel
  api=4 insize=1911 outsize=1118 ok=1
Cmd: preprocessCompute
  insize=8424 outsize=8426 ok=1
Cmd: compileComputeKernel
  api=4 insize=8426 outsize=2561 ok=1
Cmd: preprocessCompute
  insize=10526 outsize=10528 ok=1
Cmd: compileComputeKernel
  api=4 insize=10528 outsize=6392 ok=1
Cmd: preprocess
  insize=47874 outsize=623 ok=1
Cmd: preprocessCompute
  insize=10797 outsize=10799 ok=1
Cmd: compileComputeKernel
  api=4 insize=10799 outsize=8006 ok=1
Cmd: preprocessCompute
  insize=8947 outsize=8949 ok=1
Cmd: compileComputeKernel
  api=4 insize=8949 outsize=5622 ok=1
Cmd: preprocess
  insize=39219 outsize=654 ok=1
Cmd: preprocessCompute
  insize=11253 outsize=11255 ok=1
Cmd: compileComputeKernel
  api=4 insize=11255 outsize=7793 ok=1
Cmd: preprocessCompute
  insize=7707 outsize=7709 ok=1
Cmd: compileComputeKernel
  api=4 insize=7709 outsize=6511 ok=1
Cmd: preprocess
  insize=37728 outsize=616 ok=1
Cmd: preprocessCompute
  insize=1974 outsize=1976 ok=1
Cmd: compileComputeKernel
  api=4 insize=1976 outsize=1370 ok=1
Cmd: preprocessCompute
  insize=1909 outsize=1911 ok=1
Cmd: preprocessCompute
  insize=9415 outsize=9417 ok=1
Cmd: compileComputeKernel
  api=4 insize=9417 outsize=3550 ok=1
Cmd: preprocessCompute
  insize=7626 outsize=7628 ok=1
Cmd: compileComputeKernel
  api=4 insize=7628 outsize=6620 ok=1
Cmd: preprocess
  insize=37484 outsize=615 ok=1
Cmd: compileSnippet
  api=4 type=0 insize=1298 outsize=1414 kw=UNITY_PASS_SHADOWCASTER SHADOWS_DEPTH pd=UNITY_ENABLE_REFLECTION_BUFFERS UNITY_USE_DITHER_MASK_FOR_ALPHABLENDED_SHADOWS UNITY_PBS_USE_BRDF1 UNITY_SPECCUBE_BOX_PROJECTION UNITY_SPECCUBE_BLENDING UNITY_ENABLE_DETAIL_NORMALMAP SHADER_API_DESKTOP UNITY_LIGHT_PROBE_PROXY_VOLUME UNITY_LIGHTMAP_FULL_HDR ok=1
Cmd: compileSnippet
  api=4 type=1 insize=1298 outsize=218 kw=UNITY_PASS_SHADOWCASTER SHADOWS_DEPTH pd=UNITY_ENABLE_REFLECTION_BUFFERS UNITY_USE_DITHER_MASK_FOR_ALPHABLENDED_SHADOWS UNITY_PBS_USE_BRDF1 UNITY_SPECCUBE_BOX_PROJECTION UNITY_SPECCUBE_BLENDING UNITY_ENABLE_DETAIL_NORMALMAP SHADER_API_DESKTOP UNITY_LIGHT_PROBE_PROXY_VOLUME UNITY_LIGHTMAP_FULL_HDR ok=1
Cmd: preprocessCompute
  insize=7273 outsize=7275 ok=1
Cmd: compileComputeKernel
  api=4 insize=7275 outsize=1915 ok=1
Cmd: preprocessCompute
  insize=6523 outsize=6525 ok=1
Cmd: compileComputeKernel
  api=4 insize=6525 outsize=1682 ok=1
Cmd: preprocess
  insize=46912 outsize=624 ok=1
Cmd: preprocessCompute
  insize=1974 outsize=1976 ok=1
Cmd: preprocessCompute
  insize=7258 outsize=7260 ok=1
Cmd: compileComputeKernel
  api=4 insize=7260 outsize=3109 ok=1
Cmd: preprocessCompute
  insize=8955 outsize=8957 ok=1
Cmd: compileComputeKernel
  api=4 insize=8957 outsize=4265 ok=1
Cmd: preprocess
  insize=23310 outsize=458 ok=1
Cmd: preprocessCompute
  insize=6465 outsize=6467 ok=1
Cmd: compileComputeKernel
  error: 1 plat 4 at Lightning.vfx(94): use of potentially uninitialized variable (GetParticleIndex)
  api=4 insize=6467 outsize=1433 ok=1
Cmd: preprocessCompute
  insize=17413 outsize=17415 ok=1
Cmd: compileComputeKernel
  api=4 insize=17415 outsize=7942 ok=1
Cmd: preprocess
  insize=43591 outsize=638 ok=1
Cmd: preprocessCompute
  insize=7244 outsize=7246 ok=1
Cmd: compileComputeKernel
  api=4 insize=7246 outsize=2449 ok=1
Cmd: preprocessCompute
  insize=30988 outsize=30990 ok=1
Cmd: compileComputeKernel
  api=4 insize=30990 outsize=8809 ok=1
Cmd: preprocessCompute
  insize=7731 outsize=7733 ok=1
Cmd: compileComputeKernel
  api=4 insize=7733 outsize=2572 ok=1
Cmd: preprocessCompute
  insize=10100 outsize=10102 ok=1
Cmd: compileComputeKernel
  api=4 insize=10102 outsize=7379 ok=1
Cmd: preprocessCompute
  insize=6328 outsize=6330 ok=1
Cmd: compileComputeKernel
  error: 1 plat 4 at Lightning.vfx(101): use of potentially uninitialized variable (GetParticleIndex)
  api=4 insize=6330 outsize=1759 ok=1
Cmd: preprocessCompute
  insize=4988 outsize=4990 ok=1
Cmd: compileComputeKernel
  api=4 insize=4990 outsize=1438 ok=1
Cmd: preprocess
  insize=40087 outsize=639 ok=1
Cmd: preprocessCompute
  insize=7229 outsize=7231 ok=1
Cmd: compileComputeKernel
  api=4 insize=7231 outsize=3217 ok=1
Cmd: preprocessCompute
  insize=9151 outsize=9153 ok=1
Cmd: compileComputeKernel
  api=4 insize=9153 outsize=5939 ok=1
Cmd: preprocess
  insize=22793 outsize=469 ok=1
Cmd: preprocessCompute
  insize=1969 outsize=1971 ok=1
Cmd: compileSnippet
  api=4 type=0 insize=7919 outsize=1726 kw=DECALS_3RT pd=UNITY_ENABLE_REFLECTION_BUFFERS UNITY_USE_DITHER_MASK_FOR_ALPHABLENDED_SHADOWS UNITY_PBS_USE_BRDF1 UNITY_SPECCUBE_BOX_PROJECTION UNITY_SPECCUBE_BLENDING UNITY_ENABLE_DETAIL_NORMALMAP SHADER_API_DESKTOP UNITY_LIGHT_PROBE_PROXY_VOLUME UNITY_LIGHTMAP_FULL_HDR ok=1
Cmd: compileSnippet
  api=4 type=1 insize=7919 outsize=5702 kw=DECALS_3RT pd=UNITY_ENABLE_REFLECTION_BUFFERS UNITY_USE_DITHER_MASK_FOR_ALPHABLENDED_SHADOWS UNITY_PBS_USE_BRDF1 UNITY_SPECCUBE_BOX_PROJECTION UNITY_SPECCUBE_BLENDING UNITY_ENABLE_DETAIL_NORMALMAP SHADER_API_DESKTOP UNITY_LIGHT_PROBE_PROXY_VOLUME UNITY_LIGHTMAP_FULL_HDR ok=1
Cmd: preprocess
  insize=307159 outsize=8312 ok=1
Cmd: preprocessCompute
  insize=7234 outsize=7236 ok=1
Cmd: compileComputeKernel
  api=4 insize=7236 outsize=3241 ok=1
Cmd: preprocessCompute
  insize=9109 outsize=9111 ok=1
Cmd: compileComputeKernel
  api=4 insize=9111 outsize=5841 ok=1
Cmd: preprocess
  insize=41030 outsize=617 ok=1
Cmd: preprocessCompute
  insize=7234 outsize=7236 ok=1
Cmd: preprocessCompute
  insize=9188 outsize=9190 ok=1
Cmd: compileComputeKernel
  api=4 insize=9190 outsize=5943 ok=1
Cmd: preprocess
  insize=41030 outsize=617 ok=1
Cmd: preprocessCompute
  insize=7234 outsize=7236 ok=1
Cmd: preprocessCompute
  insize=9188 outsize=9190 ok=1
Cmd: preprocess
  insize=41030 outsize=617 ok=1
Cmd: compileSnippet
  api=4 type=0 insize=6767 outsize=502 kw=DITHER APPLY_AFTER_POST pd=UNITY_ENABLE_REFLECTION_BUFFERS UNITY_USE_DITHER_MASK_FOR_ALPHABLENDED_SHADOWS UNITY_PBS_USE_BRDF1 UNITY_SPECCUBE_BOX_PROJECTION UNITY_SPECCUBE_BLENDING UNITY_ENABLE_DETAIL_NORMALMAP SHADER_API_DESKTOP UNITY_LIGHT_PROBE_PROXY_VOLUME UNITY_LIGHTMAP_FULL_HDR ok=1
Cmd: compileSnippet
  api=4 type=1 insize=6767 outsize=2014 kw=DITHER APPLY_AFTER_POST pd=UNITY_ENABLE_REFLECTION_BUFFERS UNITY_USE_DITHER_MASK_FOR_ALPHABLENDED_SHADOWS UNITY_PBS_USE_BRDF1 UNITY_SPECCUBE_BOX_PROJECTION UNITY_SPECCUBE_BLENDING UNITY_ENABLE_DETAIL_NORMALMAP SHADER_API_DESKTOP UNITY_LIGHT_PROBE_PROXY_VOLUME UNITY_LIGHTMAP_FULL_HDR ok=1
Cmd: preprocessCompute
  insize=7239 outsize=7241 ok=1
Cmd: compileComputeKernel
  api=4 insize=7241 outsize=3217 ok=1
Cmd: preprocessCompute
  insize=9161 outsize=9163 ok=1
Cmd: compileComputeKernel
  api=4 insize=9163 outsize=5939 ok=1
Cmd: preprocess
  insize=39918 outsize=629 ok=1
Cmd: preprocessCompute
  insize=1979 outsize=1981 ok=1
Cmd: compileComputeKernel
  api=4 insize=1981 outsize=1398 ok=1
Cmd: preprocessCompute
  insize=7239 outsize=7241 ok=1
Cmd: preprocessCompute
  insize=9161 outsize=9163 ok=1
Cmd: preprocess
  insize=39918 outsize=629 ok=1
Cmd: preprocessCompute
  insize=1979 outsize=1981 ok=1
Cmd: preprocessCompute
  insize=7239 outsize=7241 ok=1
Cmd: preprocessCompute
  insize=9161 outsize=9163 ok=1
Cmd: preprocess
  insize=39918 outsize=629 ok=1
Cmd: preprocessCompute
  insize=1979 outsize=1981 ok=1
Cmd: preprocessCompute
  insize=7234 outsize=7236 ok=1
Cmd: preprocessCompute
  insize=9188 outsize=9190 ok=1
Cmd: preprocess
  insize=41030 outsize=617 ok=1
Cmd: preprocessCompute
  insize=7234 outsize=7236 ok=1
Cmd: preprocessCompute
  insize=9188 outsize=9190 ok=1
Cmd: preprocess
  insize=41030 outsize=617 ok=1
Cmd: preprocessCompute
  insize=7239 outsize=7241 ok=1
Cmd: preprocessCompute
  insize=9161 outsize=9163 ok=1
Cmd: preprocess
  insize=39918 outsize=629 ok=1
Cmd: preprocessCompute
  insize=1979 outsize=1981 ok=1
Cmd: preprocessCompute
  insize=7239 outsize=7241 ok=1
Cmd: preprocessCompute
  insize=9161 outsize=9163 ok=1
Cmd: preprocess
  insize=39918 outsize=629 ok=1
Cmd: preprocessCompute
  insize=1979 outsize=1981 ok=1
Cmd: compileSnippet
  api=4 type=0 insize=7304 outsize=810 kw=_NORMALMAP_TANGENT_SPACE _NORMALMAP _MASKMAP pd=UNITY_ENABLE_REFLECTION_BUFFERS UNITY_USE_DITHER_MASK_FOR_ALPHABLENDED_SHADOWS UNITY_PBS_USE_BRDF1 UNITY_SPECCUBE_BOX_PROJECTION UNITY_SPECCUBE_BLENDING UNITY_ENABLE_DETAIL_NORMALMAP SHADER_API_DESKTOP UNITY_LIGHT_PROBE_PROXY_VOLUME UNITY_LIGHTMAP_FULL_HDR ok=1
Cmd: compileSnippet
  api=4 type=1 insize=7304 outsize=262 kw=_NORMALMAP_TANGENT_SPACE _NORMALMAP _MASKMAP pd=UNITY_ENABLE_REFLECTION_BUFFERS UNITY_USE_DITHER_MASK_FOR_ALPHABLENDED_SHADOWS UNITY_PBS_USE_BRDF1 UNITY_SPECCUBE_BOX_PROJECTION UNITY_SPECCUBE_BLENDING UNITY_ENABLE_DETAIL_NORMALMAP SHADER_API_DESKTOP UNITY_LIGHT_PROBE_PROXY_VOLUME UNITY_LIGHTMAP_FULL_HDR ok=1
Cmd: preprocessCompute
  insize=7273 outsize=7275 ok=1
Cmd: compileComputeKernel
  api=4 insize=7275 outsize=3085 ok=1
Cmd: preprocessCompute
  insize=9021 outsize=9023 ok=1
Cmd: compileComputeKernel
  api=4 insize=9023 outsize=4379 ok=1
Cmd: preprocess
  insize=39918 outsize=629 ok=1
Cmd: preprocessCompute
  insize=1979 outsize=1981 ok=1
Cmd: preprocessCompute
  insize=7234 outsize=7236 ok=1
Cmd: preprocessCompute
  insize=9188 outsize=9190 ok=1
Cmd: preprocess
  insize=41030 outsize=617 ok=1
Cmd: preprocessCompute
  insize=7234 outsize=7236 ok=1
Cmd: preprocessCompute
  insize=9188 outsize=9190 ok=1
Cmd: preprocess
  insize=41030 outsize=617 ok=1
Cmd: preprocessCompute
  insize=7234 outsize=7236 ok=1
Cmd: preprocessCompute
  insize=9188 outsize=9190 ok=1
Cmd: preprocess
  insize=41030 outsize=617 ok=1
Cmd: preprocessCompute
  insize=7273 outsize=7275 ok=1
Cmd: preprocessCompute
  insize=9021 outsize=9023 ok=1
Cmd: preprocess
  insize=39918 outsize=629 ok=1
Cmd: preprocessCompute
  insize=1979 outsize=1981 ok=1
Cmd: preprocessCompute
  insize=7268 outsize=7270 ok=1
Cmd: compileComputeKernel
  api=4 insize=7270 outsize=3109 ok=1
Cmd: preprocessCompute
  insize=9037 outsize=9039 ok=1
Cmd: compileComputeKernel
  api=4 insize=9039 outsize=4305 ok=1
Cmd: preprocess
  insize=41031 outsize=617 ok=1
Cmd: preprocessCompute
  insize=7268 outsize=7270 ok=1
Cmd: preprocessCompute
  insize=9037 outsize=9039 ok=1
Cmd: preprocess
  insize=41031 outsize=617 ok=1
